Log file open, 09/06/16 19:02:24
LogInit:Display: Running engine for game: TurnBase
LogPlatformFile: Not using cached read wrapper
LogInit:Display: RandInit(750716798) SRandInit(750716798).
LogTaskGraph: Started task graph with 5 named threads and 6 total threads with 1 sets of task threads.
LogStats: Stats thread started at 0.177542
LogPluginManager: Loaded Plugin Paper2D, From C:/Program Files (x86)/Epic Games/4.13/Engine/Plugins/2D/Paper2D/Paper2D.uplugin
LogPluginManager: Loaded Plugin LightPropagationVolume, From C:/Program Files (x86)/Epic Games/4.13/Engine/Plugins/Blendables/LightPropagationVolume/LightPropagationVolume.uplugin
LogPluginManager: Loaded Plugin BlankPlugin, From C:/Program Files (x86)/Epic Games/4.13/Engine/Plugins/Developer/BlankPlugin/BlankPlugin.uplugin
LogPluginManager: Loaded Plugin CodeLiteSourceCodeAccess, From C:/Program Files (x86)/Epic Games/4.13/Engine/Plugins/Developer/CodeLiteSourceCodeAccess/CodeLiteSourceCodeAccess.uplugin
LogPluginManager: Loaded Plugin GitSourceControl, From C:/Program Files (x86)/Epic Games/4.13/Engine/Plugins/Developer/GitSourceControl/GitSourceControl.uplugin
LogPluginManager: Loaded Plugin KDevelopSourceCodeAccess, From C:/Program Files (x86)/Epic Games/4.13/Engine/Plugins/Developer/KDevelopSourceCodeAccess/KDevelopSourceCodeAccess.uplugin
LogPluginManager: Loaded Plugin NullSourceCodeAccess, From C:/Program Files (x86)/Epic Games/4.13/Engine/Plugins/Developer/NullSourceCodeAccess/NullSourceCodeAccess.uplugin
LogPluginManager: Loaded Plugin OneSkyLocalizationService, From C:/Program Files (x86)/Epic Games/4.13/Engine/Plugins/Developer/OneSkyLocalizationService/OneSkyLocalizationService.uplugin
LogPluginManager: Loaded Plugin PerforceSourceControl, From C:/Program Files (x86)/Epic Games/4.13/Engine/Plugins/Developer/PerforceSourceControl/PerforceSourceControl.uplugin
LogPluginManager: Loaded Plugin SubversionSourceControl, From C:/Program Files (x86)/Epic Games/4.13/Engine/Plugins/Developer/SubversionSourceControl/SubversionSourceControl.uplugin
LogPluginManager: Loaded Plugin UObjectPlugin, From C:/Program Files (x86)/Epic Games/4.13/Engine/Plugins/Developer/UObjectPlugin/UObjectPlugin.uplugin
LogPluginManager: Loaded Plugin VisualStudioSourceCodeAccess, From C:/Program Files (x86)/Epic Games/4.13/Engine/Plugins/Developer/VisualStudioSourceCodeAccess/VisualStudioSourceCodeAccess.uplugin
LogPluginManager: Loaded Plugin XCodeSourceCodeAccess, From C:/Program Files (x86)/Epic Games/4.13/Engine/Plugins/Developer/XCodeSourceCodeAccess/XCodeSourceCodeAccess.uplugin
LogPluginManager: Loaded Plugin EpicSurvey, From C:/Program Files (x86)/Epic Games/4.13/Engine/Plugins/Editor/EpicSurvey/EpicSurvey.uplugin
LogPluginManager: Loaded Plugin MacGraphicsSwitching, From C:/Program Files (x86)/Epic Games/4.13/Engine/Plugins/Editor/MacGraphicsSwitching/MacGraphicsSwitching.uplugin
LogPluginManager: Loaded Plugin MobileLauncherProfileWizard, From C:/Program Files (x86)/Epic Games/4.13/Engine/Plugins/Editor/MobileLauncherProfileWizard/MobileLauncherProfileWizard.uplugin
LogPluginManager: Loaded Plugin PluginBrowser, From C:/Program Files (x86)/Epic Games/4.13/Engine/Plugins/Editor/PluginBrowser/PluginBrowser.uplugin
LogPluginManager: Loaded Plugin SpeedTreeImporter, From C:/Program Files (x86)/Epic Games/4.13/Engine/Plugins/Editor/SpeedTreeImporter/SpeedTreeImporter.uplugin
LogPluginManager: Loaded Plugin SuperSearchEditor, From C:/Program Files (x86)/Epic Games/4.13/Engine/Plugins/Editor/SuperSearchEditor/SuperSearchEditor.uplugin
LogPluginManager: Loaded Plugin AlembicImporter, From C:/Program Files (x86)/Epic Games/4.13/Engine/Plugins/Experimental/AlembicImporter/AlembicImporter.uplugin
LogPluginManager: Loaded Plugin BlueprintStats, From C:/Program Files (x86)/Epic Games/4.13/Engine/Plugins/Experimental/BlueprintStats/BlueprintStats.uplugin
LogPluginManager: Loaded Plugin CharacterAI, From C:/Program Files (x86)/Epic Games/4.13/Engine/Plugins/Experimental/CharacterAI/CharacterAI.uplugin
LogPluginManager: Loaded Plugin CodeEditor, From C:/Program Files (x86)/Epic Games/4.13/Engine/Plugins/Experimental/CodeEditor/CodeEditor.uplugin
LogPluginManager: Loaded Plugin CodeView, From C:/Program Files (x86)/Epic Games/4.13/Engine/Plugins/Experimental/CodeView/CodeView.uplugin
LogPluginManager: Loaded Plugin HTML5Networking, From C:/Program Files (x86)/Epic Games/4.13/Engine/Plugins/Experimental/HTML5Networking/HTML5Networking.uplugin
LogPluginManager: Loaded Plugin LiveEditor, From C:/Program Files (x86)/Epic Games/4.13/Engine/Plugins/Experimental/LiveEditor/LiveEditor.uplugin
LogPluginManager: Loaded Plugin OSVR, From C:/Program Files (x86)/Epic Games/4.13/Engine/Plugins/Experimental/OSVR/OSVR.uplugin
LogPluginManager: Loaded Plugin Phya, From C:/Program Files (x86)/Epic Games/4.13/Engine/Plugins/Experimental/Phya/Phya.uplugin
LogPluginManager: Loaded Plugin SignificanceManager, From C:/Program Files (x86)/Epic Games/4.13/Engine/Plugins/Experimental/SignificanceManager/SignificanceManager.uplugin
LogPluginManager: Loaded Plugin SimpleHMD, From C:/Program Files (x86)/Epic Games/4.13/Engine/Plugins/Experimental/SimpleHMD/SimpleHMD.uplugin
LogPluginManager: Loaded Plugin StereoPanorama, From C:/Program Files (x86)/Epic Games/4.13/Engine/Plugins/Experimental/StereoPanorama/StereoPanorama.uplugin
LogPluginManager: Loaded Plugin StructBox, From C:/Program Files (x86)/Epic Games/4.13/Engine/Plugins/Experimental/StructBox/StructBox.uplugin
LogPluginManager: Loaded Plugin AndroidMedia, From C:/Program Files (x86)/Epic Games/4.13/Engine/Plugins/Media/AndroidMedia/AndroidMedia.uplugin
LogPluginManager: Loaded Plugin AvfMedia, From C:/Program Files (x86)/Epic Games/4.13/Engine/Plugins/Media/AvfMedia/AvfMedia.uplugin
LogPluginManager: Loaded Plugin MediaPlayerEditor, From C:/Program Files (x86)/Epic Games/4.13/Engine/Plugins/Media/MediaPlayerEditor/MediaPlayerEditor.uplugin
LogPluginManager: Loaded Plugin WmfMedia, From C:/Program Files (x86)/Epic Games/4.13/Engine/Plugins/Media/WmfMedia/WmfMedia.uplugin
LogPluginManager: Loaded Plugin MessagingDebugger, From C:/Program Files (x86)/Epic Games/4.13/Engine/Plugins/Messaging/MessagingDebugger/MessagingDebugger.uplugin
LogPluginManager: Loaded Plugin TcpMessaging, From C:/Program Files (x86)/Epic Games/4.13/Engine/Plugins/Messaging/TcpMessaging/TcpMessaging.uplugin
LogPluginManager: Loaded Plugin UdpMessaging, From C:/Program Files (x86)/Epic Games/4.13/Engine/Plugins/Messaging/UdpMessaging/UdpMessaging.uplugin
LogPluginManager: Loaded Plugin LevelSequenceEditor, From C:/Program Files (x86)/Epic Games/4.13/Engine/Plugins/MovieScene/LevelSequenceEditor/LevelSequenceEditor.uplugin
LogPluginManager: Loaded Plugin MatineeToLevelSequence, From C:/Program Files (x86)/Epic Games/4.13/Engine/Plugins/MovieScene/MatineeToLevelSequence/MatineeToLevelSequence.uplugin
LogPluginManager: Loaded Plugin NetcodeUnitTest, From C:/Program Files (x86)/Epic Games/4.13/Engine/Plugins/NetcodeUnitTest/NetcodeUnitTest/NetcodeUnitTest.uplugin
LogPluginManager: Loaded Plugin NUTUnrealEngine4, From C:/Program Files (x86)/Epic Games/4.13/Engine/Plugins/NetcodeUnitTest/NUTUnrealEngine4/NUTUnrealEngine4.uplugin
LogPluginManager: Loaded Plugin OnlineSubsystemGooglePlay, From C:/Program Files (x86)/Epic Games/4.13/Engine/Plugins/Online/Android/OnlineSubsystemGooglePlay/OnlineSubsystemGooglePlay.uplugin
LogPluginManager: Loaded Plugin OnlineSubsystemIOS, From C:/Program Files (x86)/Epic Games/4.13/Engine/Plugins/Online/IOS/OnlineSubsystemIOS/OnlineSubsystemIOS.uplugin
LogPluginManager: Loaded Plugin OnlineFramework, From C:/Program Files (x86)/Epic Games/4.13/Engine/Plugins/Online/OnlineFramework/OnlineFramework.uplugin
LogPluginManager: Loaded Plugin OnlineSubsystem, From C:/Program Files (x86)/Epic Games/4.13/Engine/Plugins/Online/OnlineSubsystem/OnlineSubsystem.uplugin
LogPluginManager: Loaded Plugin OnlineSubsystemAmazon, From C:/Program Files (x86)/Epic Games/4.13/Engine/Plugins/Online/OnlineSubsystemAmazon/OnlineSubsystemAmazon.uplugin
LogPluginManager: Loaded Plugin OnlineSubsystemFacebook, From C:/Program Files (x86)/Epic Games/4.13/Engine/Plugins/Online/OnlineSubsystemFacebook/OnlineSubsystemFacebook.uplugin
LogPluginManager: Loaded Plugin OnlineSubsystemNull, From C:/Program Files (x86)/Epic Games/4.13/Engine/Plugins/Online/OnlineSubsystemNull/OnlineSubsystemNull.uplugin
LogPluginManager: Loaded Plugin OnlineSubsystemOculus, From C:/Program Files (x86)/Epic Games/4.13/Engine/Plugins/Online/OnlineSubsystemOculus/OnlineSubsystemOculus.uplugin
LogPluginManager: Loaded Plugin OnlineSubsystemSteam, From C:/Program Files (x86)/Epic Games/4.13/Engine/Plugins/Online/OnlineSubsystemSteam/OnlineSubsystemSteam.uplugin
LogPluginManager: Loaded Plugin OnlineSubsystemUtils, From C:/Program Files (x86)/Epic Games/4.13/Engine/Plugins/Online/OnlineSubsystemUtils/OnlineSubsystemUtils.uplugin
LogPluginManager: Loaded Plugin IOSTapJoy, From C:/Program Files (x86)/Epic Games/4.13/Engine/Plugins/Runtime/Advertising/IOSTapJoy/IOSTapJoy.uplugin
LogPluginManager: Loaded Plugin AnalyticsBlueprintLibrary, From C:/Program Files (x86)/Epic Games/4.13/Engine/Plugins/Runtime/Analytics/AnalyticsBlueprintLibrary/AnalyticsBlueprintLibrary.uplugin
LogPluginManager: Loaded Plugin AnalyticsMulticast, From C:/Program Files (x86)/Epic Games/4.13/Engine/Plugins/Runtime/Analytics/AnalyticsMulticast/AnalyticsMulticast.uplugin
LogPluginManager: Loaded Plugin Apsalar, From C:/Program Files (x86)/Epic Games/4.13/Engine/Plugins/Runtime/Analytics/Apsalar/Apsalar.uplugin
LogPluginManager: Loaded Plugin FileLogging, From C:/Program Files (x86)/Epic Games/4.13/Engine/Plugins/Runtime/Analytics/FileLogging/FileLogging.uplugin
LogPluginManager: Loaded Plugin Flurry, From C:/Program Files (x86)/Epic Games/4.13/Engine/Plugins/Runtime/Analytics/Flurry/Flurry.uplugin
LogPluginManager: Loaded Plugin AndroidDeviceProfileSelector, From C:/Program Files (x86)/Epic Games/4.13/Engine/Plugins/Runtime/AndroidDeviceProfileSelector/AndroidDeviceProfileSelector.uplugin
LogPluginManager: Loaded Plugin AndroidMoviePlayer, From C:/Program Files (x86)/Epic Games/4.13/Engine/Plugins/Runtime/AndroidMoviePlayer/AndroidMoviePlayer.uplugin
LogPluginManager: Loaded Plugin AppleMoviePlayer, From C:/Program Files (x86)/Epic Games/4.13/Engine/Plugins/Runtime/AppleMoviePlayer/AppleMoviePlayer.uplugin
LogPluginManager: Loaded Plugin ArchVisCharacter, From C:/Program Files (x86)/Epic Games/4.13/Engine/Plugins/Runtime/ArchVisCharacter/ArchVisCharacter.uplugin
LogPluginManager: Loaded Plugin CableComponent, From C:/Program Files (x86)/Epic Games/4.13/Engine/Plugins/Runtime/CableComponent/CableComponent.uplugin
LogPluginManager: Loaded Plugin CustomMeshComponent, From C:/Program Files (x86)/Epic Games/4.13/Engine/Plugins/Runtime/CustomMeshComponent/CustomMeshComponent.uplugin
LogPluginManager: Loaded Plugin ExampleDeviceProfileSelector, From C:/Program Files (x86)/Epic Games/4.13/Engine/Plugins/Runtime/ExampleDeviceProfileSelector/ExampleDeviceProfileSelector.uplugin
LogPluginManager: Loaded Plugin GearVR, From C:/Program Files (x86)/Epic Games/4.13/Engine/Plugins/Runtime/GearVR/GearVR.uplugin
LogPluginManager: Loaded Plugin GoogleVRController, From C:/Program Files (x86)/Epic Games/4.13/Engine/Plugins/Runtime/GoogleVR/GoogleVRController/GoogleVRController.uplugin
LogPluginManager: Loaded Plugin GoogleVRHMD, From C:/Program Files (x86)/Epic Games/4.13/Engine/Plugins/Runtime/GoogleVR/GoogleVRHMD/GoogleVRHMD.uplugin
LogPluginManager: Loaded Plugin IOSDeviceProfileSelector, From C:/Program Files (x86)/Epic Games/4.13/Engine/Plugins/Runtime/IOSDeviceProfileSelector/IOSDeviceProfileSelector.uplugin
LogPluginManager: Loaded Plugin LeapMotion, From C:/Program Files (x86)/Epic Games/4.13/Engine/Plugins/Runtime/LeapMotion/LeapMotion.uplugin
LogPluginManager: Loaded Plugin LinuxDeviceProfileSelector, From C:/Program Files (x86)/Epic Games/4.13/Engine/Plugins/Runtime/LinuxDeviceProfileSelector/LinuxDeviceProfileSelector.uplugin
LogPluginManager: Loaded Plugin LiveEditorListenServer, From C:/Program Files (x86)/Epic Games/4.13/Engine/Plugins/Runtime/LiveEditorListenServer/LiveEditorListenServer.uplugin
LogPluginManager: Loaded Plugin OculusAudio, From C:/Program Files (x86)/Epic Games/4.13/Engine/Plugins/Runtime/OculusAudio/OculusAudio.uplugin
LogPluginManager: Loaded Plugin OculusInput, From C:/Program Files (x86)/Epic Games/4.13/Engine/Plugins/Runtime/OculusInput/OculusInput.uplugin
LogPluginManager: Loaded Plugin OculusLibrary, From C:/Program Files (x86)/Epic Games/4.13/Engine/Plugins/Runtime/OculusLibrary/OculusLibrary.uplugin
LogPluginManager: Loaded Plugin OculusRift, From C:/Program Files (x86)/Epic Games/4.13/Engine/Plugins/Runtime/OculusRift/OculusRift.uplugin
LogPluginManager: Loaded Plugin Oodle, From C:/Program Files (x86)/Epic Games/4.13/Engine/Plugins/Runtime/PacketHandlers/CompressionComponents/Oodle/Oodle.uplugin
LogPluginManager: Loaded Plugin ProceduralMeshComponent, From C:/Program Files (x86)/Epic Games/4.13/Engine/Plugins/Runtime/ProceduralMeshComponent/ProceduralMeshComponent.uplugin
LogPluginManager: Loaded Plugin SoundMod, From C:/Program Files (x86)/Epic Games/4.13/Engine/Plugins/Runtime/SoundMod/SoundMod.uplugin
LogPluginManager: Loaded Plugin SoundVisualizations, From C:/Program Files (x86)/Epic Games/4.13/Engine/Plugins/Runtime/SoundVisualizations/SoundVisualizations.uplugin
LogPluginManager: Loaded Plugin SteamController, From C:/Program Files (x86)/Epic Games/4.13/Engine/Plugins/Runtime/Steam/SteamController/SteamController.uplugin
LogPluginManager: Loaded Plugin SteamVR, From C:/Program Files (x86)/Epic Games/4.13/Engine/Plugins/Runtime/Steam/SteamVR/SteamVR.uplugin
LogPluginManager: Loaded Plugin WebBrowserWidget, From C:/Program Files (x86)/Epic Games/4.13/Engine/Plugins/Runtime/WebBrowserWidget/WebBrowserWidget.uplugin
LogPluginManager: Loaded Plugin WindowsDeviceProfileSelector, From C:/Program Files (x86)/Epic Games/4.13/Engine/Plugins/Runtime/WindowsDeviceProfileSelector/WindowsDeviceProfileSelector.uplugin
LogPluginManager: Loaded Plugin WindowsMoviePlayer, From C:/Program Files (x86)/Epic Games/4.13/Engine/Plugins/Runtime/WindowsMoviePlayer/WindowsMoviePlayer.uplugin
LogPluginManager: Loaded Plugin ScriptPlugin, From C:/Program Files (x86)/Epic Games/4.13/Engine/Plugins/ScriptPlugin/ScriptPlugin.uplugin
LogPluginManager: Loaded Plugin SlateRemote, From C:/Program Files (x86)/Epic Games/4.13/Engine/Plugins/Slate/SlateRemote/SlateRemote.uplugin
LogInit: Using libcurl 7.47.1
LogInit:  - built for x86_64-pc-win32
LogInit:  - supports SSL with WinSSL
LogInit:  - other features:
LogInit:      CURL_VERSION_SSL
LogInit:      CURL_VERSION_IPV6
LogInit:      CURL_VERSION_ASYNCHDNS
LogInit:      CURL_VERSION_LARGEFILE
LogInit:      CURL_VERSION_IDN
LogInit:  CurlRequestOptions (configurable via config and command line):
LogInit:  - bVerifyPeer = false  - Libcurl will NOT verify peer certificate
LogInit:  - bUseHttpProxy = false  - Libcurl will NOT use HTTP proxy
LogInit:  - bDontReuseConnections = false  - Libcurl will reuse connections
LogInit:  - CertBundlePath = nullptr  - Libcurl will use whatever was configured at build time.
LogInit: Build: ++UE4+Release-4.13-CL-3106830
LogInit: Engine Version: 4.13.0-3106830+++UE4+Release-4.13
LogInit: Compatible Engine Version: 4.13.0-3106830+++UE4+Release-4.13
LogInit: Net CL: 3106830
LogDevObjectVersion: Number of dev versions registered: 13
LogDevObjectVersion:   Dev-Blueprints (B0D832E4-1F89-4F0D-ACCF-7EB736FD4AA2): 5
LogDevObjectVersion:   Dev-Build (E1C64328-A22C-4D53-A36C-8E866417BD8C): 0
LogDevObjectVersion:   Dev-Core (375EC13C-06E4-48FB-B500-84F0262A717E): 1
LogDevObjectVersion:   Dev-Editor (E4B068ED-F494-42E9-A231-DA0B2E46BB41): 6
LogDevObjectVersion:   Dev-Framework (CFFC743F-43B0-4480-9391-14DF171D2073): 12
LogDevObjectVersion:   Dev-Mobile (B02B49B5-BB20-44E9-A304-32B752E40360): 0
LogDevObjectVersion:   Dev-Networking (A4E4105C-59A1-49B5-A7C5-40C4547EDFEE): 0
LogDevObjectVersion:   Dev-Online (39C831C9-5AE6-47DC-9A44-9C173E1C8E7C): 0
LogDevObjectVersion:   Dev-Physics (78F01B33-EBEA-4F98-B9B4-84EACCB95AA2): 0
LogDevObjectVersion:   Dev-Platform (6631380F-2D4D-43E0-8009-CF276956A95A): 0
LogDevObjectVersion:   Dev-Rendering (12F88B9F-8875-4AFC-A67C-D90C383ABD29): 4
LogDevObjectVersion:   Dev-Sequencer (7B5AE74C-D270-4C10-A958-57980B212A5A): 0
LogDevObjectVersion:   Dev-VR (D7296918-1DD6-4BDD-9DE2-64A83CC13884): 0
LogInit: Compiled (64-bit): Aug 30 2016 18:11:39
LogInit: Compiled with Visual C++: 19.00.23026.00
LogInit: Build Configuration: Development
LogInit: Branch Name: ++UE4+Release-4.13
LogInit: Command line:  
LogInit: Base directory: C:/Program Files (x86)/Epic Games/4.13/Engine/Binaries/Win64/
LogInit: Installed Engine Build: 1
LogInit: Presizing for max 8388607 objects, including 0 objects not considered by GC, pre-allocating 0 bytes for permanent pool.
LogInit: Object subsystem initialized
[2016.09.07-00.02.24:781][  0]LogInit: Selected Device Profile: [Windows]
[2016.09.07-00.02.24:781][  0]LogInit: Applying CVar settings loaded from the selected device profile: [Windows]
[2016.09.07-00.02.24:863][  0]LogInit: Computer: INC-LAP
[2016.09.07-00.02.24:863][  0]LogInit: User: Lance
[2016.09.07-00.02.24:863][  0]LogInit: CPU Page size=65536, Cores=2
[2016.09.07-00.02.24:863][  0]LogInit: High frequency timer resolution =2.338336 MHz
[2016.09.07-00.02.24:863][  0]LogMemory: Memory total: Physical=5.9GB (6GB approx)
[2016.09.07-00.02.24:863][  0]LogMemory: Platform Memory Stats for Windows
[2016.09.07-00.02.24:863][  0]LogMemory: Process Physical Memory: 254.78 MB used, 254.78 MB peak
[2016.09.07-00.02.24:863][  0]LogMemory: Process Virtual Memory: 259.52 MB used, 259.52 MB peak
[2016.09.07-00.02.24:863][  0]LogMemory: Physical Memory: 3290.17 MB used, 6027.65 MB total
[2016.09.07-00.02.24:863][  0]LogMemory: Virtual Memory: 620.98 MB used, 134217728.00 MB total
[2016.09.07-00.02.25:529][  0]LogTextLocalizationManager: No specific translations for ('en-US') exist, so ('en') translations will be used.
[2016.09.07-00.02.30:751][  0]LogD3D11RHI: D3D11 adapters:
[2016.09.07-00.02.30:758][  0]LogD3D11RHI:    0. 'Intel(R) HD Graphics Family' (Feature Level 11_0)
[2016.09.07-00.02.30:758][  0]LogD3D11RHI:       112/0/3013 MB DedicatedVideo/DedicatedSystem/SharedSystem, Outputs:1, VendorId:0x8086
[2016.09.07-00.02.30:759][  0]LogD3D11RHI:    1. 'Microsoft Basic Render Driver' (Feature Level 11_0)
[2016.09.07-00.02.30:759][  0]LogD3D11RHI:       0/0/3013 MB DedicatedVideo/DedicatedSystem/SharedSystem, Outputs:0, VendorId:0x1414
[2016.09.07-00.02.30:759][  0]LogD3D11RHI: Chosen D3D11 Adapter: 0
[2016.09.07-00.02.30:765][  0]LogD3D11RHI: Creating new Direct3DDevice
[2016.09.07-00.02.30:765][  0]LogD3D11RHI:     GPU DeviceId: 0xa16 (for the marketing name, search the web for "GPU Device Id")
[2016.09.07-00.02.30:765][  0]LogWindows: EnumDisplayDevices:
[2016.09.07-00.02.30:765][  0]LogWindows:    0. 'Intel(R) HD Graphics Family' (P:1 D:1)
[2016.09.07-00.02.30:766][  0]LogWindows:    1. 'Intel(R) HD Graphics Family' (P:0 D:0)
[2016.09.07-00.02.30:766][  0]LogWindows:    2. 'Intel(R) HD Graphics Family' (P:0 D:0)
[2016.09.07-00.02.30:766][  0]LogWindows: DebugString: FoundDriverCount:3 
[2016.09.07-00.02.30:766][  0]LogD3D11RHI:     Adapter Name: Intel(R) HD Graphics Family
[2016.09.07-00.02.30:766][  0]LogD3D11RHI:   Driver Version: 20.19.15.4444 (internal:20.19.15.4444, unified:20.19.15.4444)
[2016.09.07-00.02.30:766][  0]LogD3D11RHI:      Driver Date: 4-22-2016
[2016.09.07-00.02.30:766][  0]LogRHI: Texture pool is 1133 MB (70% of 1619 MB)
[2016.09.07-00.02.30:773][  0]LogD3D11RHI: Async texture creation enabled
[2016.09.07-00.02.30:777][  0]LogD3D11RHI: GPU Timing Frequency: 12.500000 (Debug: 2 0)
[2016.09.07-00.02.30:779][  0]LogShaderCompilers: Guid format shader working directory is -18 characters bigger than the processId version (../../../../../../Users/Lance/Documents/GitHub/TurnBase/TurnBase/Intermediate/Shaders/WorkingDirectory/6108/).
[2016.09.07-00.02.30:779][  0]LogShaderCompilers: Cleaned the shader compiler working directory 'C:/Users/Lance/AppData/Local/Temp/UnrealShaderWorkingDir/A15D40DF43178FACFF9AEFB042A04E46/'.
[2016.09.07-00.02.30:779][  0]LogShaderCompilers:Display: Using Local Shader Compiler.
[2016.09.07-00.02.35:188][  0]LogTemp:Display: Loaded TP AllDesktopTargetPlatform
[2016.09.07-00.02.35:198][  0]LogTemp:Display: Loaded TP WindowsClientTargetPlatform
[2016.09.07-00.02.35:208][  0]LogTemp:Display: Loaded TP WindowsNoEditorTargetPlatform
[2016.09.07-00.02.35:217][  0]LogTemp:Display: Loaded TP WindowsServerTargetPlatform
[2016.09.07-00.02.35:227][  0]LogTemp:Display: Loaded TP WindowsTargetPlatform
[2016.09.07-00.02.35:254][  0]LogTemp:Display: Loaded TP AndroidTargetPlatform
[2016.09.07-00.02.35:263][  0]LogTemp:Display: Loaded TP Android_ASTCTargetPlatform
[2016.09.07-00.02.35:271][  0]LogTemp:Display: Loaded TP Android_ATCTargetPlatform
[2016.09.07-00.02.35:279][  0]LogTemp:Display: Loaded TP Android_DXTTargetPlatform
[2016.09.07-00.02.35:287][  0]LogTemp:Display: Loaded TP Android_ETC1TargetPlatform
[2016.09.07-00.02.35:296][  0]LogTemp:Display: Loaded TP Android_ETC2TargetPlatform
[2016.09.07-00.02.35:312][  0]LogTemp:Display: Loaded TP Android_MultiTargetPlatform
[2016.09.07-00.02.35:312][  0]LogTemp:Display: Loaded TP Android_PVRTCTargetPlatform
[2016.09.07-00.02.35:313][  0]LogTemp:Display: Loaded TP HTML5TargetPlatform
[2016.09.07-00.02.35:416][  0]LogTemp:Display: Loaded TP IOSTargetPlatform
[2016.09.07-00.02.35:426][  0]LogTemp:Display: Loaded TP TVOSTargetPlatform
[2016.09.07-00.02.35:435][  0]LogTemp:Display: Loaded TP LinuxClientTargetPlatform
[2016.09.07-00.02.35:443][  0]LogTemp:Display: Loaded TP LinuxNoEditorTargetPlatform
[2016.09.07-00.02.35:451][  0]LogTemp:Display: Loaded TP LinuxServerTargetPlatform
[2016.09.07-00.02.35:473][  0]LogTemp:Display: Loaded TP LinuxTargetPlatform
[2016.09.07-00.02.35:473][  0]LogTargetPlatformManager:Display: Building Assets For Windows
[2016.09.07-00.02.36:541][  0]LogDerivedDataCache:Display: Max Cache Size: 512 MB
[2016.09.07-00.02.37:463][  0]LogDerivedDataCache: Loaded boot cache 0.92s 62MB C:/Users/Lance/AppData/Local/UnrealEngine/4.13/DerivedDataCache/Boot.ddc.
[2016.09.07-00.02.37:463][  0]LogDerivedDataCache:Display: Loaded Boot cache: C:/Users/Lance/AppData/Local/UnrealEngine/4.13/DerivedDataCache/Boot.ddc
[2016.09.07-00.02.37:464][  0]LogDerivedDataCache: FDerivedDataBackendGraph:  Pak pak cache file ../../../../../../Users/Lance/Documents/GitHub/TurnBase/TurnBase/DerivedDataCache/DDC.ddp not found, will not use a pak cache.
[2016.09.07-00.02.37:464][  0]LogDerivedDataCache: Unable to find inner node Pak for hierarchical cache Hierarchy.
[2016.09.07-00.02.37:464][  0]LogDerivedDataCache: FDerivedDataBackendGraph:  CompressedPak pak cache file ../../../../../../Users/Lance/Documents/GitHub/TurnBase/TurnBase/DerivedDataCache/Compressed.ddp not found, will not use a pak cache.
[2016.09.07-00.02.37:464][  0]LogDerivedDataCache: Unable to find inner node CompressedPak for hierarchical cache Hierarchy.
[2016.09.07-00.02.37:557][  0]LogDerivedDataCache:Display: Pak cache opened for reading ../../../Engine/DerivedDataCache/Compressed.ddp.
[2016.09.07-00.02.37:569][  0]LogDerivedDataCache: Using Local data cache path C:/Users/Lance/AppData/Local/UnrealEngine/Common/DerivedDataCache: Writable
[2016.09.07-00.02.46:487][  0]LogInit: Selected Device Profile: [Windows]
[2016.09.07-00.02.46:546][  0]LogContentStreaming: Texture pool size is 0.00 MB
[2016.09.07-00.02.46:654][  0]LogMeshUtilities: No automatic mesh reduction module available
[2016.09.07-00.02.46:654][  0]LogMeshUtilities: No automatic mesh merging module available
[2016.09.07-00.02.46:654][  0]LogMeshUtilities: No distributed automatic mesh merging module available
[2016.09.07-00.02.47:322][  0]LogMaterial: Uniform references updated for custom material expression Custom.
[2016.09.07-00.02.49:816][  0]LogNetVersion: GetLocalNetworkVersion: CL: 3106830, ProjectName: turnbase, ProjectVersion: , EngineNetworkVersion: 1, GameNetworkVersion: 0, NetworkChecksum: 2320137225
[2016.09.07-00.02.49:891][  0]LogAssetRegistry: FAssetRegistry took 0.0223 seconds to start up
[2016.09.07-00.02.49:940][  0]LogPackageLocalizationCache: Processed 3 localized package path(s) for 2 prioritized culture(s) in 0.047004 seconds
[2016.09.07-00.02.49:945][  0]LogUObjectArray: 29777 objects as part of root set at end of initial load.
[2016.09.07-00.02.49:945][  0]LogUObjectAllocator: 6124704 out of 0 bytes used by permanent object pool.
[2016.09.07-00.02.49:945][  0]LogUObjectArray: CloseDisregardForGC: 0/0 objects in disregard for GC pool
[2016.09.07-00.02.49:953][  0]LogInit: WinSock: version 1.1 (2.2), MaxSocks=32767, MaxUdp=65467
[2016.09.07-00.02.52:913][  0]LogSlate: SlateFontCache - WITH_FREETYPE: 1, WITH_HARFBUZZ: 1
[2016.09.07-00.02.52:913][  0]LogSlate: SlateFontCache - WITH_FREETYPE: 1, WITH_HARFBUZZ: 1
[2016.09.07-00.03.17:559][  0]LogUdpMessaging: Initializing bridge on interface 0.0.0.0:0 to multicast group 230.0.0.1:6666.
[2016.09.07-00.03.18:651][  0]SourceControl: Info Source control is disabled
[2016.09.07-00.03.18:651][  0]SourceControl: Info Source control is disabled
[2016.09.07-00.03.18:668][  0]SourceControl: Info Source control is disabled
[2016.09.07-00.03.18:676][  0]SourceControl: Info Source control is disabled
[2016.09.07-00.03.19:360][  0]LogEngine: Initializing Engine...
[2016.09.07-00.03.19:361][  0]LogHMD: Failed to initialize OpenVR with code 110
[2016.09.07-00.03.20:007][  0]LogAIModule: Creating AISystem for world Untitled
[2016.09.07-00.03.20:013][  0]LogInit: XAudio2 using 'Speakers (Realtek High Definition Audio)' : 2 channels at 48 kHz using 32 bits per sample (channel mask 0x3)
[2016.09.07-00.03.20:170][  0]LogInit: FAudioDevice initialized.
[2016.09.07-00.03.20:208][  0]LogDerivedDataCache: Saved boot cache 0.04s 62MB C:/Users/Lance/AppData/Local/UnrealEngine/4.13/DerivedDataCache/Boot.ddc.
[2016.09.07-00.03.20:219][  0]LogInit: Texture streaming: Enabled
[2016.09.07-00.03.20:247][  0]LogInit: Transaction tracking system initialized
[2016.09.07-00.03.20:268][  0]BlueprintLog: New page: Editor Load
[2016.09.07-00.03.20:468][  0]LocalizationService: Info Localization service is disabled
[2016.09.07-00.03.21:006][  0]LogConsoleResponse:Display: 
[2016.09.07-00.03.23:708][  0]LogFileCache: Scanning file cache for directory 'C:/Users/Lance/Documents/GitHub/TurnBase/TurnBase/Content/' took 0.03s
[2016.09.07-00.03.23:708][  0]LogCook:Display: Max memory allowance for cook 16384mb min free memory 0mb
[2016.09.07-00.03.23:708][  0]LogCook:Display: Mobile HDR setting 1
[2016.09.07-00.03.24:535][  0]SourceControl: Info Source control is disabled
[2016.09.07-00.03.24:535][  0]Cmd: MAP LOAD FILE="../../../../../../Users/Lance/Documents/GitHub/TurnBase/TurnBase/Content/ThirdPersonBP/Maps/ThirdPersonExampleMap.umap" TEMPLATE=0 SHOWPROGRESS=1 FEATURELEVEL=3
[2016.09.07-00.03.24:623][  0]LightingResults: New page: Lighting Build
[2016.09.07-00.03.24:626][  0]MapCheck: New page: Map Check
[2016.09.07-00.03.24:626][  0]LightingResults: New page: Lighting Build
[2016.09.07-00.03.28:338][  0]LogAIModule: Creating AISystem for world ThirdPersonExampleMap
[2016.09.07-00.03.29:034][  0]LogEditorServer: Finished looking for orphan Actors (0.000 secs)
[2016.09.07-00.03.29:057][  0]Cmd: MAP CHECKDEP NOCLEARLOG
[2016.09.07-00.03.29:106][  0]MapCheck: Info Map check complete: 0 Error(s), 0 Warning(s), took 48.818ms to complete.
[2016.09.07-00.03.29:106][  0]LogFileHelpers: Loading map 'ThirdPersonExampleMap' took 4.572
[2016.09.07-00.03.29:814][  0]LogCollectionManager: Loaded 0 collections in 0.002738 seconds
[2016.09.07-00.03.29:956][  0]LogFileCache: Scanning file cache for directory 'C:/Users/Lance/Documents/GitHub/TurnBase/TurnBase/Saved/Collections/' took 0.01s
[2016.09.07-00.03.29:956][  0]LogFileCache: Scanning file cache for directory 'C:/Users/Lance/Documents/GitHub/TurnBase/TurnBase/Content/Developers/Lance/Collections/' took 0.01s
[2016.09.07-00.03.29:956][  0]LogFileCache: Scanning file cache for directory 'C:/Users/Lance/Documents/GitHub/TurnBase/TurnBase/Content/Collections/' took 0.01s
[2016.09.07-00.03.29:956][  0]LogCollectionManager: Rebuilt the GUID cache for 0 collections in 0.000007 seconds
[2016.09.07-00.03.29:998][  0]LogContentBrowser: Native class hierarchy populated in 0.0405 seconds. Added 2141 classes and 415 folders.
[2016.09.07-00.03.30:258][  0]LogStats: UGameplayTagsManager::ConstructGameplayTagTree: Construct from data asset -  0.000 s
[2016.09.07-00.03.30:258][  0]LogStats: UGameplayTagsManager::ConstructGameplayTagTree: GameplayTagTreeChangedEvent.Broadcast -  0.000 s
[2016.09.07-00.03.30:259][  0]LogContentBrowser: Native class hierarchy updated for 'GameplayTags' in 0.0006 seconds. Added 12 classes and 0 folders.
[2016.09.07-00.03.30:314][  0]LogContentBrowser: Native class hierarchy updated for 'WidgetCarousel' in 0.0006 seconds. Added 0 classes and 0 folders.
[2016.09.07-00.03.32:131][  0]LogContentBrowser: Native class hierarchy updated for 'AddContentDialog' in 0.0010 seconds. Added 0 classes and 0 folders.
[2016.09.07-00.03.32:180][  0]LogContentBrowser: Native class hierarchy updated for 'SceneOutliner' in 0.0009 seconds. Added 1 classes and 2 folders.
[2016.09.07-00.03.32:391][  0]LogCrashTracker: Crashtracker disabled due to settings.
[2016.09.07-00.03.32:495][  0]LogUObjectGlobals:Warning: Failed to find object 'Class None.'
[2016.09.07-00.03.32:651][  0]LogContentBrowser: Native class hierarchy updated for 'HierarchicalLODOutliner' in 0.0011 seconds. Added 1 classes and 2 folders.
[2016.09.07-00.03.32:651][  0]LogLoad: (Engine Initialization) Total time: 73.90 seconds
[2016.09.07-00.03.32:652][  0]LogLoad: (Engine Initialization) Total Blueprint compile time: 0.95 seconds
[2016.09.07-00.03.32:652][  0]LogExternalProfiler: No external profilers were discovered.  External profiling features will not be available.
[2016.09.07-00.03.32:991][  0]LogOcInput: OculusInput pre-init called
[2016.09.07-00.03.33:117][  0]LogContentStreaming: Texture pool size now 1000 MB
[2016.09.07-00.03.33:825][  0]LogRenderer: Reallocating scene render targets to support 856x380 (Frame:2).
[2016.09.07-00.03.35:148][  3]LogAssetRegistry: Asset discovery search completed in 45.2791 seconds
[2016.09.07-00.03.35:148][  3]LogCollectionManager: Rebuilt the object cache for 0 collections in 0.000000 seconds (found 0 objects)
[2016.09.07-00.03.35:148][  3]LogCollectionManager: Fixed up redirectors for 0 collections in 0.000029 seconds (updated 0 objects)
[2016.09.07-00.04.11:378][  4]LogRenderer: Reallocating scene render targets to support 856x380 (Frame:109).
[2016.09.07-00.04.11:620][  8]LogContentStreaming: Texture pool size now 800 MB
[2016.09.07-00.23.22:980][ 86]LogRenderer: Reallocating scene render targets to support 856x380 (Frame:934).
[2016.09.07-00.23.23:366][ 88]LogContentStreaming: Texture pool size now 600 MB
[2016.09.07-00.23.27:084][193]LogEditorViewport: Clicking on Actor (LMB): StaticMeshActor (Wall8)
[2016.09.07-00.24.23:872][306]LogEditorViewport: Clicking on Actor (LMB): BP_Sky_Sphere_C (SkySphereBlueprint)
[2016.09.07-00.28.49:877][368]LogContentBrowser: Native class hierarchy updated for 'BlueprintGraph' in 0.0015 seconds. Added 112 classes and 0 folders.
[2016.09.07-00.33.25:060][909]LogFileHelpers: Editor autosave (incl. sublevels) for '/Game/ThirdPersonBP/Maps/ThirdPersonExampleMap' took 0.547
[2016.09.07-00.33.25:164][909]OBJ SavePackage: Generating thumbnails for [0] asset(s) in package [/Game/Blueprints/diceRoller] ([1] browsable assets)...
[2016.09.07-00.33.25:164][909]OBJ SavePackage: Finished generating thumbnails for package [/Game/Blueprints/diceRoller]
[2016.09.07-00.33.25:529][909]LogSavePackage: Save=293.65ms
[2016.09.07-00.33.25:529][909]LogSavePackage: Moving '../../../../../../Users/Lance/Documents/GitHub/TurnBase/TurnBase/Saved/diceRoller_Auto14984E206423DFE111C6C5EABEF90AE88.tmp' to '../../../../../../Users/Lance/Documents/GitHub/TurnBase/TurnBase/Saved/Autosaves/Game/Blueprints/diceRoller_Auto1.uasset'
[2016.09.07-00.33.25:549][909]LogSavePackage:Display: Finished SavePackage ../../../../../../Users/Lance/Documents/GitHub/TurnBase/TurnBase/Saved/Autosaves/Game/Blueprints/diceRoller_Auto1.uasset
[2016.09.07-00.33.25:549][909]LogFileHelpers: Auto-saving content packages took 0.477
[2016.09.07-00.37.54:129][717]LogEditorTransaction: Undo Create Pin Link
[2016.09.07-00.37.55:106][775]LogEditorTransaction: Undo Comment Bubble Visibility
[2016.09.07-00.37.55:702][807]LogEditorTransaction: Undo Create Reroute Node
[2016.09.07-00.42.13:096][526]BlueprintLog: New page: Compile diceRoller
[2016.09.07-00.42.16:886][599]Cmd: OBJ SAVEPACKAGE PACKAGE="/Game/Blueprints/diceRoller" FILE="../../../../../../Users/Lance/Documents/GitHub/TurnBase/TurnBase/Content/Blueprints/diceRoller.uasset" SILENT=true
[2016.09.07-00.42.17:190][599]LogSavePackage: Save=291.16ms
[2016.09.07-00.42.17:190][599]LogSavePackage: Moving '../../../../../../Users/Lance/Documents/GitHub/TurnBase/TurnBase/Saved/diceRollerCB054FFB4B561925D055C0B6D589D33B.tmp' to '../../../../../../Users/Lance/Documents/GitHub/TurnBase/TurnBase/Content/Blueprints/diceRoller.uasset'
[2016.09.07-00.42.17:224][599]LogSavePackage:Display: Finished SavePackage ../../../../../../Users/Lance/Documents/GitHub/TurnBase/TurnBase/Content/Blueprints/diceRoller.uasset
[2016.09.07-00.43.09:299][261]LogEditorTransaction: Undo Straighten Connection(s)
[2016.09.07-00.43.33:745][966]BlueprintLog: New page: Compile diceRoller
[2016.09.07-00.43.34:534][  2]Cmd: OBJ SAVEPACKAGE PACKAGE="/Game/Blueprints/diceRoller" FILE="../../../../../../Users/Lance/Documents/GitHub/TurnBase/TurnBase/Content/Blueprints/diceRoller.uasset" SILENT=true
[2016.09.07-00.43.34:659][  2]LogSavePackage: Save=18.09ms
[2016.09.07-00.43.34:659][  2]LogSavePackage: Moving '../../../../../../Users/Lance/Documents/GitHub/TurnBase/TurnBase/Saved/diceRoller14E33A66475019991E330E9641A5582B.tmp' to '../../../../../../Users/Lance/Documents/GitHub/TurnBase/TurnBase/Content/Blueprints/diceRoller.uasset'
[2016.09.07-00.43.34:663][  2]LogSavePackage:Display: Finished SavePackage ../../../../../../Users/Lance/Documents/GitHub/TurnBase/TurnBase/Content/Blueprints/diceRoller.uasset
[2016.09.07-00.45.40:228][378]Cmd: OBJ SAVEPACKAGE PACKAGE="/Game/Blueprints/diceRoller" FILE="../../../../../../Users/Lance/Documents/GitHub/TurnBase/TurnBase/Content/Blueprints/diceRoller.uasset" SILENT=true
[2016.09.07-00.45.40:258][378]LogSavePackage: Save=25.64ms
[2016.09.07-00.45.40:258][378]LogSavePackage: Moving '../../../../../../Users/Lance/Documents/GitHub/TurnBase/TurnBase/Saved/diceRoller1A1749994FD338F586416FB366BBA7F1.tmp' to '../../../../../../Users/Lance/Documents/GitHub/TurnBase/TurnBase/Content/Blueprints/diceRoller.uasset'
[2016.09.07-00.45.40:260][378]LogSavePackage:Display: Finished SavePackage ../../../../../../Users/Lance/Documents/GitHub/TurnBase/TurnBase/Content/Blueprints/diceRoller.uasset
[2016.09.07-00.45.41:722][466]BlueprintLog: New page: Compile diceRoller
[2016.09.07-00.45.42:543][506]Cmd: OBJ SAVEPACKAGE PACKAGE="/Game/Blueprints/diceRoller" FILE="../../../../../../Users/Lance/Documents/GitHub/TurnBase/TurnBase/Content/Blueprints/diceRoller.uasset" SILENT=true
[2016.09.07-00.45.42:568][506]LogSavePackage: Save=21.03ms
[2016.09.07-00.45.42:568][506]LogSavePackage: Moving '../../../../../../Users/Lance/Documents/GitHub/TurnBase/TurnBase/Saved/diceRollerD00FDF96454C71E06ED4D2B73039D9FF.tmp' to '../../../../../../Users/Lance/Documents/GitHub/TurnBase/TurnBase/Content/Blueprints/diceRoller.uasset'
[2016.09.07-00.45.42:569][506]LogSavePackage:Display: Finished SavePackage ../../../../../../Users/Lance/Documents/GitHub/TurnBase/TurnBase/Content/Blueprints/diceRoller.uasset
[2016.09.07-00.47.31:249][928]LogSavePackage: Save=1726.92ms
[2016.09.07-00.47.31:249][928]LogSavePackage: Moving '../../../../../../Users/Lance/Documents/GitHub/TurnBase/TurnBase/Saved/ThirdPersonExampleMap97CE7AAC45FC04E436368AA45182179D.tmp' to '../../../../../../Users/Lance/Documents/GitHub/TurnBase/TurnBase/Content/ThirdPersonBP/Maps/ThirdPersonExampleMap.umap'
[2016.09.07-00.47.31:252][928]LogSavePackage:Display: Finished SavePackage ../../../../../../Users/Lance/Documents/GitHub/TurnBase/TurnBase/Content/ThirdPersonBP/Maps/ThirdPersonExampleMap.umap
[2016.09.07-00.48.58:761][ 79]BlueprintLog: New page: Compile BaseUnit
[2016.09.07-00.48.59:692][108]Cmd: OBJ SAVEPACKAGE PACKAGE="/Game/Blueprints/BaseUnit" FILE="../../../../../../Users/Lance/Documents/GitHub/TurnBase/TurnBase/Content/Blueprints/BaseUnit.uasset" SILENT=true
[2016.09.07-00.48.59:833][108]LogSavePackage: Save=132.70ms
[2016.09.07-00.48.59:834][108]LogSavePackage: Moving '../../../../../../Users/Lance/Documents/GitHub/TurnBase/TurnBase/Saved/BaseUnit646C691044E96F70F18CD8B1413CEBA6.tmp' to '../../../../../../Users/Lance/Documents/GitHub/TurnBase/TurnBase/Content/Blueprints/BaseUnit.uasset'
[2016.09.07-00.48.59:838][108]LogSavePackage:Display: Finished SavePackage ../../../../../../Users/Lance/Documents/GitHub/TurnBase/TurnBase/Content/Blueprints/BaseUnit.uasset
[2016.09.07-00.51.20:072][232]BlueprintLog: New page: Compile diceRoller
[2016.09.07-00.51.22:224][344]Cmd: OBJ SAVEPACKAGE PACKAGE="/Game/Blueprints/diceRoller" FILE="../../../../../../Users/Lance/Documents/GitHub/TurnBase/TurnBase/Content/Blueprints/diceRoller.uasset" SILENT=true
[2016.09.07-00.51.22:275][344]LogSavePackage: Save=12.91ms
[2016.09.07-00.51.22:275][344]LogSavePackage: Moving '../../../../../../Users/Lance/Documents/GitHub/TurnBase/TurnBase/Saved/diceRoller6A0F92064F62B6B5D0A27A9743BDEF38.tmp' to '../../../../../../Users/Lance/Documents/GitHub/TurnBase/TurnBase/Content/Blueprints/diceRoller.uasset'
[2016.09.07-00.51.22:278][344]LogSavePackage:Display: Finished SavePackage ../../../../../../Users/Lance/Documents/GitHub/TurnBase/TurnBase/Content/Blueprints/diceRoller.uasset
[2016.09.07-00.54.27:604][320]LogMetaData: Removing '/Game/Blueprints/RollFunctionLibrary.RollFunctionLibrary:DiceRoller.K2Node_FunctionEntry_0' ref from Metadata '/Game/Blueprints/diceRoller.PackageMetaData'
[2016.09.07-00.54.27:604][320]LogMetaData: Removing '/Game/Blueprints/RollFunctionLibrary.RollFunctionLibrary:DiceRoller.K2Node_FunctionResult_0' ref from Metadata '/Game/Blueprints/diceRoller.PackageMetaData'
[2016.09.07-00.54.27:722][320]Cmd: OBJ SAVEPACKAGE PACKAGE="/Game/Blueprints/RollFunctionLibrary" FILE="../../../../../../Users/Lance/Documents/GitHub/TurnBase/TurnBase/Content/Blueprints/RollFunctionLibrary.uasset" SILENT=true
[2016.09.07-00.54.27:743][320]LogSavePackage: Save=17.32ms
[2016.09.07-00.54.27:743][320]LogSavePackage: Moving '../../../../../../Users/Lance/Documents/GitHub/TurnBase/TurnBase/Saved/RollFunctionLibraryB66424274636016A7C29BFBEC4AC4E16.tmp' to '../../../../../../Users/Lance/Documents/GitHub/TurnBase/TurnBase/Content/Blueprints/RollFunctionLibrary.uasset'
[2016.09.07-00.54.27:746][320]LogSavePackage:Display: Finished SavePackage ../../../../../../Users/Lance/Documents/GitHub/TurnBase/TurnBase/Content/Blueprints/RollFunctionLibrary.uasset
[2016.09.07-00.54.31:829][357]LogSavePackage: Save=943.30ms
[2016.09.07-00.54.31:829][357]LogSavePackage: Moving '../../../../../../Users/Lance/Documents/GitHub/TurnBase/TurnBase/Saved/ThirdPersonExampleMap492D148E49D70B2C2AD661AA302E2E82.tmp' to '../../../../../../Users/Lance/Documents/GitHub/TurnBase/TurnBase/Content/ThirdPersonBP/Maps/ThirdPersonExampleMap.umap'
[2016.09.07-00.54.31:832][357]LogSavePackage:Display: Finished SavePackage ../../../../../../Users/Lance/Documents/GitHub/TurnBase/TurnBase/Content/ThirdPersonBP/Maps/ThirdPersonExampleMap.umap
[2016.09.07-00.54.52:861][511]Cmd: OBJ SAVEPACKAGE PACKAGE="/Game/Blueprints/BaseUnit" FILE="../../../../../../Users/Lance/Documents/GitHub/TurnBase/TurnBase/Content/Blueprints/BaseUnit.uasset" SILENT=true
[2016.09.07-00.54.52:902][511]LogSavePackage: Save=30.39ms
[2016.09.07-00.54.52:903][511]LogSavePackage: Moving '../../../../../../Users/Lance/Documents/GitHub/TurnBase/TurnBase/Saved/BaseUnit5C59017246C1B7C28C83C7B790FA53F1.tmp' to '../../../../../../Users/Lance/Documents/GitHub/TurnBase/TurnBase/Content/Blueprints/BaseUnit.uasset'
[2016.09.07-00.54.52:906][511]LogSavePackage:Display: Finished SavePackage ../../../../../../Users/Lance/Documents/GitHub/TurnBase/TurnBase/Content/Blueprints/BaseUnit.uasset
[2016.09.07-00.54.56:044][512]Cmd: QUIT_EDITOR
[2016.09.07-00.54.59:345][512]LogWindowsTextInputMethodSystem:Display: IME system now deactivated.
[2016.09.07-00.54.59:951][512]LogExit: Preparing to exit.
[2016.09.07-00.55.05:143][512]LogDirectoryWatcher: A directory notification for 'C:/Users/Lance/Documents/GitHub/TurnBase/TurnBase/Content/' was aborted.
[2016.09.07-00.55.06:794][512]LogExit: Editor shut down
[2016.09.07-00.55.06:797][512]LogExit: Transaction tracking system shut down
[2016.09.07-00.55.21:166][512]LogObj: Freed 0b from 0 cluster array pools.
[2016.09.07-00.55.21:167][512]LogExit: Object subsystem successfully closed.
[2016.09.07-00.55.23:863][512]LogD3D11RHI: Shutdown
[2016.09.07-00.55.23:863][512]LogD3D11RHI: CleanupD3DDevice
[2016.09.07-00.55.24:916][512]LogD3D11RHI: ~FD3D11DynamicRHI
[2016.09.07-00.55.29:480][512]LogModuleManager: Shutting down and abandoning module BlueprintGraph (235)
[2016.09.07-00.55.29:480][512]LogModuleManager: Shutting down and abandoning module BlueprintProfiler (234)
[2016.09.07-00.55.29:745][512]LogModuleManager: Shutting down and abandoning module HierarchicalLODOutliner (233)
[2016.09.07-00.55.29:854][512]LogModuleManager: Shutting down and abandoning module CrashTracker (232)
[2016.09.07-00.55.29:906][512]LogModuleManager: Shutting down and abandoning module SceneOutliner (231)
[2016.09.07-00.55.29:906][512]LogModuleManager: Shutting down and abandoning module WidgetCarousel (230)
[2016.09.07-00.55.29:906][512]LogModuleManager: Shutting down and abandoning module AddContentDialog (229)
[2016.09.07-00.55.29:946][512]LogDirectoryWatcher: A directory notification for 'C:/Program Files (x86)/Epic Games/4.13/FeaturePacks/' was aborted.
[2016.09.07-00.55.29:984][512]LogModuleManager: Shutting down and abandoning module GameplayTags (228)
[2016.09.07-00.55.29:984][512]LogModuleManager: Shutting down and abandoning module EditorWidgets (227)
[2016.09.07-00.55.29:984][512]LogModuleManager: Shutting down and abandoning module CollectionManager (226)
[2016.09.07-00.55.30:126][512]LogDirectoryWatcher: A directory notification for 'C:/Users/Lance/Documents/GitHub/TurnBase/TurnBase/Content/Collections/' was aborted.
[2016.09.07-00.55.30:126][512]LogDirectoryWatcher: A directory notification for 'C:/Users/Lance/Documents/GitHub/TurnBase/TurnBase/Content/Developers/Lance/Collections/' was aborted.
[2016.09.07-00.55.30:126][512]LogDirectoryWatcher: A directory notification for 'C:/Users/Lance/Documents/GitHub/TurnBase/TurnBase/Saved/Collections/' was aborted.
[2016.09.07-00.55.30:126][512]LogModuleManager: Shutting down and abandoning module StatsViewer (225)
[2016.09.07-00.55.30:268][512]LogModuleManager: Shutting down and abandoning module FoliageEdit (224)
[2016.09.07-00.55.30:304][512]LogModuleManager: Shutting down and abandoning module LandscapeEditor (223)
[2016.09.07-00.55.30:454][512]LogModuleManager: Shutting down and abandoning module SceneDepthPickerMode (222)
[2016.09.07-00.55.30:454][512]LogModuleManager: Shutting down and abandoning module ActorPickerMode (221)
[2016.09.07-00.55.30:455][512]LogModuleManager: Shutting down and abandoning module GeometryMode (220)
[2016.09.07-00.55.30:455][512]LogModuleManager: Shutting down and abandoning module TextureAlignMode (219)
[2016.09.07-00.55.30:455][512]LogModuleManager: Shutting down and abandoning module BspMode (218)
[2016.09.07-00.55.30:483][512]LogModuleManager: Shutting down and abandoning module HardwareSurvey (217)
[2016.09.07-00.55.30:495][512]LogModuleManager: Shutting down and abandoning module SequenceRecorderSections (216)
[2016.09.07-00.55.30:496][512]LogModuleManager: Shutting down and abandoning module SequenceRecorder (215)
[2016.09.07-00.55.30:771][512]LogModuleManager: Shutting down and abandoning module AutomationWorker (214)
[2016.09.07-00.55.30:876][512]LogModuleManager: Shutting down and abandoning module MatineeToLevelSequence (213)
[2016.09.07-00.55.31:021][512]LogModuleManager: Shutting down and abandoning module PlacementMode (212)
[2016.09.07-00.55.31:144][512]LogModuleManager: Shutting down and abandoning module LevelSequenceEditor (211)
[2016.09.07-00.55.31:298][512]LogModuleManager: Shutting down and abandoning module WmfMediaFactory (210)
[2016.09.07-00.55.31:298][512]LogModuleManager: Shutting down and abandoning module WmfMediaEditor (209)
[2016.09.07-00.55.31:298][512]LogModuleManager: Shutting down and abandoning module AvfMediaFactory (208)
[2016.09.07-00.55.31:298][512]LogModuleManager: Shutting down and abandoning module AvfMediaEditor (207)
[2016.09.07-00.55.31:298][512]LogModuleManager: Shutting down and abandoning module Media (206)
[2016.09.07-00.55.31:298][512]LogModuleManager: Shutting down and abandoning module AndroidMediaFactory (205)
[2016.09.07-00.55.31:298][512]LogModuleManager: Shutting down and abandoning module AndroidMediaEditor (204)
[2016.09.07-00.55.31:298][512]LogModuleManager: Shutting down and abandoning module CharacterAI (203)
[2016.09.07-00.55.31:298][512]LogModuleManager: Shutting down and abandoning module SmartSnapping (202)
[2016.09.07-00.55.31:298][512]LogModuleManager: Shutting down and abandoning module SessionServices (201)
[2016.09.07-00.55.31:298][512]LogModuleManager: Shutting down and abandoning module ViewportSnapping (200)
[2016.09.07-00.55.31:298][512]LogModuleManager: Shutting down and abandoning module ViewportInteraction (199)
[2016.09.07-00.55.31:298][512]LogModuleManager: Shutting down and abandoning module LogVisualizer (198)
[2016.09.07-00.55.31:356][512]LogModuleManager: Shutting down and abandoning module GameProjectGeneration (197)
[2016.09.07-00.55.31:402][512]LogModuleManager: Shutting down and abandoning module IntroTutorials (196)
[2016.09.07-00.55.31:456][512]LogModuleManager: Shutting down and abandoning module EditorLiveStreaming (195)
[2016.09.07-00.55.31:474][512]LogModuleManager: Shutting down and abandoning module IOSPlatformEditor (194)
[2016.09.07-00.55.31:503][512]LogModuleManager: Shutting down and abandoning module HTML5PlatformEditor (193)
[2016.09.07-00.55.31:503][512]LogModuleManager: Shutting down and abandoning module AndroidDeviceDetection (192)
[2016.09.07-00.55.31:681][512]LogModuleManager: Shutting down and abandoning module AndroidPlatformEditor (191)
[2016.09.07-00.55.31:694][512]LogModuleManager: Shutting down and abandoning module IOSRuntimeSettings (190)
[2016.09.07-00.55.31:694][512]LogModuleManager: Shutting down and abandoning module AndroidRuntimeSettings (189)
[2016.09.07-00.55.31:694][512]LogModuleManager: Shutting down and abandoning module NiagaraEditor (188)
[2016.09.07-00.55.31:896][512]LogModuleManager: Shutting down and abandoning module MergeActors (187)
[2016.09.07-00.55.31:910][512]LogModuleManager: Shutting down and abandoning module SizeMap (186)
[2016.09.07-00.55.31:929][512]LogModuleManager: Shutting down and abandoning module TreeMap (185)
[2016.09.07-00.55.32:010][512]LogModuleManager: Shutting down and abandoning module ReferenceViewer (184)
[2016.09.07-00.55.32:010][512]LogModuleManager: Shutting down and abandoning module LocalizationService (183)
[2016.09.07-00.55.32:041][512]LogModuleManager: Shutting down and abandoning module LocalizationDashboard (182)
[2016.09.07-00.55.32:090][512]LogModuleManager: Shutting down and abandoning module HardwareTargeting (181)
[2016.09.07-00.55.32:124][512]LogModuleManager: Shutting down and abandoning module DeviceProfileEditor (180)
[2016.09.07-00.55.32:153][512]LogModuleManager: Shutting down and abandoning module UndoHistory (179)
[2016.09.07-00.55.32:240][512]LogModuleManager: Shutting down and abandoning module UserFeedback (178)
[2016.09.07-00.55.32:240][512]LogModuleManager: Shutting down and abandoning module XmlParser (177)
[2016.09.07-00.55.32:383][512]LogModuleManager: Shutting down and abandoning module Blutility (176)
[2016.09.07-00.55.32:626][512]LogModuleManager: Shutting down and abandoning module ProjectTargetPlatformEditor (175)
[2016.09.07-00.55.32:645][512]LogModuleManager: Shutting down and abandoning module ProjectSettingsViewer (174)
[2016.09.07-00.55.32:645][512]LogModuleManager: Shutting down and abandoning module InputBindingEditor (173)
[2016.09.07-00.55.32:684][512]LogModuleManager: Shutting down and abandoning module EditorSettingsViewer (172)
[2016.09.07-00.55.32:684][512]LogModuleManager: Shutting down and abandoning module SettingsEditor (171)
[2016.09.07-00.55.32:716][512]LogModuleManager: Shutting down and abandoning module ProjectLauncher (170)
[2016.09.07-00.55.32:756][512]LogModuleManager: Shutting down and abandoning module SessionFrontend (169)
[2016.09.07-00.55.32:845][512]LogModuleManager: Shutting down and abandoning module ProfilerClient (168)
[2016.09.07-00.55.32:898][512]LogModuleManager: Shutting down and abandoning module TargetDeviceServices (167)
[2016.09.07-00.55.32:898][512]LogModuleManager: Shutting down and abandoning module DeviceManager (166)
[2016.09.07-00.55.32:959][512]LogModuleManager: Shutting down and abandoning module AutomationController (165)
[2016.09.07-00.55.32:986][512]LogModuleManager: Shutting down and abandoning module AutomationWindow (164)
[2016.09.07-00.55.33:044][512]LogModuleManager: Shutting down and abandoning module Layers (163)
[2016.09.07-00.55.33:134][512]LogModuleManager: Shutting down and abandoning module ComponentVisualizers (162)
[2016.09.07-00.55.33:134][512]LogModuleManager: Shutting down and abandoning module DetailCustomizations (161)
[2016.09.07-00.55.33:310][512]LogModuleManager: Shutting down and abandoning module PackagesDialog (160)
[2016.09.07-00.55.33:310][512]LogModuleManager: Shutting down and abandoning module AnimGraph (159)
[2016.09.07-00.55.33:310][512]LogModuleManager: Shutting down and abandoning module Persona (158)
[2016.09.07-00.55.33:662][512]LogModuleManager: Shutting down and abandoning module Kismet (157)
[2016.09.07-00.55.33:745][512]LogModuleManager: Shutting down and abandoning module GraphEditor (156)
[2016.09.07-00.55.33:746][512]LogModuleManager: Shutting down and abandoning module ClassViewer (155)
[2016.09.07-00.55.33:798][512]LogModuleManager: Shutting down and abandoning module Toolbox (154)
[2016.09.07-00.55.33:813][512]LogModuleManager: Shutting down and abandoning module ModuleUI (153)
[2016.09.07-00.55.33:850][512]LogModuleManager: Shutting down and abandoning module MovieSceneTools (152)
[2016.09.07-00.55.33:987][512]LogModuleManager: Shutting down and abandoning module OutputLog (151)
[2016.09.07-00.55.34:033][512]LogModuleManager: Shutting down and abandoning module GammaUI (150)
[2016.09.07-00.55.34:063][512]LogModuleManager: Shutting down and abandoning module Documentation (149)
[2016.09.07-00.55.34:064][512]LogModuleManager: Shutting down and abandoning module Niagara (148)
[2016.09.07-00.55.34:088][512]LogModuleManager: Shutting down and abandoning module StreamingPauseRendering (147)
[2016.09.07-00.55.34:088][512]LogModuleManager: Shutting down and abandoning module AnalyticsET (146)
[2016.09.07-00.55.34:088][512]LogModuleManager: Shutting down and abandoning module PortalServices (145)
[2016.09.07-00.55.34:088][512]LogModuleManager: Shutting down and abandoning module PortalRpc (144)
[2016.09.07-00.55.34:088][512]LogModuleManager: Shutting down and abandoning module MessagingRpc (143)
[2016.09.07-00.55.34:088][512]LogModuleManager: Shutting down and abandoning module GameplayDebugger (142)
[2016.09.07-00.55.34:171][512]LogModuleManager: Shutting down and abandoning module AITestSuite (141)
[2016.09.07-00.55.34:209][512]LogModuleManager: Shutting down and abandoning module AIModule (140)
[2016.09.07-00.55.34:274][512]LogModuleManager: Shutting down and abandoning module ProfilerService (139)
[2016.09.07-00.55.34:442][512]LogModuleManager: Shutting down and abandoning module TaskGraph (138)
[2016.09.07-00.55.34:547][512]LogModuleManager: Shutting down and abandoning module SlateRemote (137)
[2016.09.07-00.55.34:547][512]LogModuleManager: Shutting down and abandoning module SteamVRController (136)
[2016.09.07-00.55.34:547][512]LogModuleManager: Shutting down and abandoning module SteamVR (135)
[2016.09.07-00.55.34:547][512]LogModuleManager: Shutting down and abandoning module ProceduralMeshComponentEditor (134)
[2016.09.07-00.55.34:582][512]LogModuleManager: Shutting down and abandoning module ProceduralMeshComponent (133)
[2016.09.07-00.55.34:582][512]LogModuleManager: Shutting down and abandoning module OculusLibrary (132)
[2016.09.07-00.55.34:626][512]LogModuleManager: Shutting down and abandoning module OculusInput (131)
[2016.09.07-00.55.34:626][512]LogModuleManager: Shutting down and abandoning module CustomMeshComponent (130)
[2016.09.07-00.55.34:626][512]LogModuleManager: Shutting down and abandoning module CableComponent (129)
[2016.09.07-00.55.34:643][512]LogModuleManager: Shutting down and abandoning module ArchVisCharacter (128)
[2016.09.07-00.55.34:643][512]LogModuleManager: Shutting down and abandoning module MediaPlayerEditor (126)
[2016.09.07-00.55.34:720][512]LogModuleManager: Shutting down and abandoning module HTML5Networking (125)
[2016.09.07-00.55.34:720][512]LogModuleManager: Shutting down and abandoning module GeometryCacheEd (124)
[2016.09.07-00.55.34:720][512]LogModuleManager: Shutting down and abandoning module GeometryCache (123)
[2016.09.07-00.55.34:720][512]LogModuleManager: Shutting down and abandoning module AlembicLibrary (122)
[2016.09.07-00.55.34:720][512]LogModuleManager: Shutting down and abandoning module AlembicImporter (121)
[2016.09.07-00.55.34:743][512]LogModuleManager: Shutting down and abandoning module SuperSearch (120)
[2016.09.07-00.55.34:743][512]LogModuleManager: Shutting down and abandoning module SuperSearchEditor (119)
[2016.09.07-00.55.34:743][512]LogModuleManager: Shutting down and abandoning module SpeedTreeImporter (118)
[2016.09.07-00.55.34:743][512]LogModuleManager: Shutting down and abandoning module PluginBrowser (117)
[2016.09.07-00.55.34:785][512]LogModuleManager: Shutting down and abandoning module MobileLauncherProfileWizard (116)
[2016.09.07-00.55.34:830][512]LogModuleManager: Shutting down and abandoning module EpicSurvey (115)
[2016.09.07-00.55.34:879][512]LogModuleManager: Shutting down and abandoning module DesktopPlatform (114)
[2016.09.07-00.55.34:921][512]LogModuleManager: Shutting down and abandoning module VisualStudioSourceCodeAccess (113)
[2016.09.07-00.55.35:017][512]LogModuleManager: Shutting down and abandoning module UObjectPlugin (112)
[2016.09.07-00.55.35:017][512]LogModuleManager: Shutting down and abandoning module SubversionSourceControl (111)
[2016.09.07-00.55.35:162][512]LogModuleManager: Shutting down and abandoning module PerforceSourceControl (110)
[2016.09.07-00.55.35:186][512]LogModuleManager: Shutting down and abandoning module SourceControl (109)
[2016.09.07-00.55.35:237][512]LogModuleManager: Shutting down and abandoning module GitSourceControl (108)
[2016.09.07-00.55.35:310][512]LogModuleManager: Shutting down and abandoning module LightPropagationVolumeEditor (107)
[2016.09.07-00.55.35:310][512]LogModuleManager: Shutting down and abandoning module PaperTiledImporter (106)
[2016.09.07-00.55.35:322][512]LogModuleManager: Shutting down and abandoning module PaperSpriteSheetImporter (105)
[2016.09.07-00.55.35:404][512]LogModuleManager: Shutting down and abandoning module MeshPaint (104)
[2016.09.07-00.55.35:512][512]LogModuleManager: Shutting down and abandoning module FbxAutomationBuilderModule (103)
[2016.09.07-00.55.35:549][512]LogModuleManager: Shutting down and abandoning module PixelInspectorModule (102)
[2016.09.07-00.55.35:596][512]LogModuleManager: Shutting down and abandoning module HotReload (101)
[2016.09.07-00.55.35:636][512]LogModuleManager: Shutting down and abandoning module MainFrame (100)
[2016.09.07-00.55.35:636][512]LogModuleManager: Shutting down and abandoning module LevelEditor (99)
[2016.09.07-00.55.35:638][512]LogModuleManager: Shutting down and abandoning module ContentBrowser (98)
[2016.09.07-00.55.35:640][512]LogModuleManager: Shutting down and abandoning module Paper2DEditor (97)
[2016.09.07-00.55.35:750][512]LogModuleManager: Shutting down and abandoning module UdpMessaging (96)
[2016.09.07-00.55.35:851][512]LogModuleManager: Shutting down and abandoning module TcpMessaging (95)
[2016.09.07-00.55.35:869][512]LogModuleManager: Shutting down and abandoning module LightPropagationVolumeRuntime (94)
[2016.09.07-00.55.35:869][512]LogModuleManager: Shutting down and abandoning module Paper2D (93)
[2016.09.07-00.55.35:906][512]LogModuleManager: Shutting down and abandoning module WindowsMoviePlayer (92)
[2016.09.07-00.55.35:934][512]LogModuleManager: Shutting down and abandoning module WmfMedia (91)
[2016.09.07-00.55.35:980][512]LogModuleManager: Shutting down and abandoning module MediaAssets (90)
[2016.09.07-00.55.35:980][512]LogModuleManager: Shutting down and abandoning module GameLiveStreaming (89)
[2016.09.07-00.55.36:000][512]LogModuleManager: Shutting down and abandoning module GameplayTagsEditor (88)
[2016.09.07-00.55.36:025][512]LogModuleManager: Shutting down and abandoning module VREditor (87)
[2016.09.07-00.55.36:025][512]LogModuleManager: Shutting down and abandoning module GameplayTasksEditor (86)
[2016.09.07-00.55.36:025][512]LogModuleManager: Shutting down and abandoning module PropertyEditor (85)
[2016.09.07-00.55.36:053][512]LogModuleManager: Shutting down and abandoning module BehaviorTreeEditor (84)
[2016.09.07-00.55.36:179][512]LogModuleManager: Shutting down and abandoning module FunctionalTesting (83)
[2016.09.07-00.55.36:191][512]LogModuleManager: Shutting down and abandoning module CollisionAnalyzer (82)
[2016.09.07-00.55.36:237][512]LogModuleManager: Shutting down and abandoning module Sequencer (81)
[2016.09.07-00.55.36:450][512]LogModuleManager: Shutting down and abandoning module WorkspaceMenuStructure (80)
[2016.09.07-00.55.36:450][512]LogModuleManager: Shutting down and abandoning module MessageLog (79)
[2016.09.07-00.55.36:450][512]LogModuleManager: Shutting down and abandoning module AssetTools (78)
[2016.09.07-00.55.36:537][512]LogModuleManager: Shutting down and abandoning module UMGEditor (77)
[2016.09.07-00.55.36:621][512]LogModuleManager: Shutting down and abandoning module UMG (76)
[2016.09.07-00.55.36:665][512]LogModuleManager: Shutting down and abandoning module SlateReflector (75)
[2016.09.07-00.55.36:764][512]LogModuleManager: Shutting down and abandoning module Slate (74)
[2016.09.07-00.55.36:764][512]LogModuleManager: Shutting down and abandoning module EditorStyle (73)
[2016.09.07-00.55.36:778][512]LogModuleManager: Shutting down and abandoning module SourceCodeAccess (72)
[2016.09.07-00.55.36:778][512]LogModuleManager: Shutting down and abandoning module HeadMountedDisplay (71)
[2016.09.07-00.55.36:778][512]LogModuleManager: Shutting down and abandoning module XAudio2 (70)
[2016.09.07-00.55.36:778][512]LogModuleManager: Shutting down and abandoning module Networking (68)
[2016.09.07-00.55.36:778][512]LogModuleManager: Shutting down and abandoning module Core (67)
[2016.09.07-00.55.36:778][512]LogModuleManager: Shutting down and abandoning module DirectoryWatcher (66)
[2016.09.07-00.55.36:778][512]LogDirectoryWatcher: A directory notification for '../../../Engine/Content/' was aborted.
[2016.09.07-00.55.36:779][512]LogDirectoryWatcher: A directory notification for '../../../../../../Users/Lance/Documents/GitHub/TurnBase/TurnBase/Content/' was aborted.
[2016.09.07-00.55.36:780][512]LogDirectoryWatcher: A directory notification for '../../../Engine/Plugins/2D/Paper2D/Content/' was aborted.
[2016.09.07-00.55.36:785][512]LogModuleManager: Shutting down and abandoning module AssetRegistry (65)
[2016.09.07-00.55.37:074][512]LogModuleManager: Shutting down and abandoning module KismetCompiler (64)
[2016.09.07-00.55.37:074][512]LogModuleManager: Shutting down and abandoning module PhysXFormats (63)
[2016.09.07-00.55.37:130][512]LogModuleManager: Shutting down and abandoning module MeshUtilities (62)
[2016.09.07-00.55.37:152][512]LogModuleManager: Shutting down and abandoning module DerivedDataCache (61)
[2016.09.07-00.55.37:252][512]LogDerivedDataCache: Shutdown
[2016.09.07-00.55.37:252][512]LogModuleManager: Shutting down and abandoning module VulkanShaderFormat (60)
[2016.09.07-00.55.37:262][512]LogModuleManager: Shutting down and abandoning module ShaderFormatOpenGL (59)
[2016.09.07-00.55.37:308][512]LogModuleManager: Shutting down and abandoning module ShaderFormatD3D (58)
[2016.09.07-00.55.37:343][512]LogModuleManager: Shutting down and abandoning module MetalShaderFormat (57)
[2016.09.07-00.55.37:368][512]LogModuleManager: Shutting down and abandoning module TextureFormatUncompressed (56)
[2016.09.07-00.55.37:369][512]LogModuleManager: Shutting down and abandoning module TextureFormatPVR (55)
[2016.09.07-00.55.37:397][512]LogModuleManager: Shutting down and abandoning module TextureFormatDXT (54)
[2016.09.07-00.55.37:420][512]LogModuleManager: Shutting down and abandoning module TextureFormatIntelISPCTexComp (53)
[2016.09.07-00.55.37:429][512]LogModuleManager: Shutting down and abandoning module ImageWrapper (52)
[2016.09.07-00.55.37:429][512]LogModuleManager: Shutting down and abandoning module TextureFormatASTC (51)
[2016.09.07-00.55.37:429][512]LogModuleManager: Shutting down and abandoning module TextureFormatAndroid (50)
[2016.09.07-00.55.37:429][512]LogModuleManager: Shutting down and abandoning module AudioFormatOpus (49)
[2016.09.07-00.55.37:448][512]LogModuleManager: Shutting down and abandoning module AudioFormatOgg (48)
[2016.09.07-00.55.37:474][512]LogModuleManager: Shutting down and abandoning module AudioFormatADPCM (47)
[2016.09.07-00.55.37:484][512]LogModuleManager: Shutting down and abandoning module LinuxTargetPlatform (46)
[2016.09.07-00.55.37:484][512]LogModuleManager: Shutting down and abandoning module LinuxServerTargetPlatform (45)
[2016.09.07-00.55.37:511][512]LogModuleManager: Shutting down and abandoning module LinuxNoEditorTargetPlatform (44)
[2016.09.07-00.55.37:539][512]LogModuleManager: Shutting down and abandoning module LinuxClientTargetPlatform (43)
[2016.09.07-00.55.37:581][512]LogModuleManager: Shutting down and abandoning module TVOSTargetPlatform (42)
[2016.09.07-00.55.37:581][512]LogModuleManager: Shutting down and abandoning module Messaging (41)
[2016.09.07-00.55.37:581][512]LogModuleManager: Shutting down and abandoning module IOSTargetPlatform (40)
[2016.09.07-00.55.37:581][512]LogModuleManager: Shutting down and abandoning module HTML5TargetPlatform (39)
[2016.09.07-00.55.37:581][512]LogModuleManager: Shutting down and abandoning module Android_PVRTCTargetPlatform (38)
[2016.09.07-00.55.37:581][512]LogModuleManager: Shutting down and abandoning module Android_MultiTargetPlatform (37)
[2016.09.07-00.55.37:581][512]LogModuleManager: Shutting down and abandoning module Android_ETC2TargetPlatform (36)
[2016.09.07-00.55.37:581][512]LogModuleManager: Shutting down and abandoning module Android_ETC1TargetPlatform (35)
[2016.09.07-00.55.37:581][512]LogModuleManager: Shutting down and abandoning module Android_DXTTargetPlatform (34)
[2016.09.07-00.55.37:581][512]LogModuleManager: Shutting down and abandoning module Android_ATCTargetPlatform (33)
[2016.09.07-00.55.37:581][512]LogModuleManager: Shutting down and abandoning module Android_ASTCTargetPlatform (32)
[2016.09.07-00.55.37:581][512]LogModuleManager: Shutting down and abandoning module AndroidTargetPlatform (31)
[2016.09.07-00.55.37:581][512]LogModuleManager: Shutting down and abandoning module WindowsTargetPlatform (30)
[2016.09.07-00.55.37:581][512]LogModuleManager: Shutting down and abandoning module WindowsServerTargetPlatform (29)
[2016.09.07-00.55.37:613][512]LogModuleManager: Shutting down and abandoning module WindowsNoEditorTargetPlatform (28)
[2016.09.07-00.55.37:650][512]LogModuleManager: Shutting down and abandoning module WindowsClientTargetPlatform (27)
[2016.09.07-00.55.37:793][512]LogModuleManager: Shutting down and abandoning module AllDesktopTargetPlatform (26)
[2016.09.07-00.55.37:793][512]LogModuleManager: Shutting down and abandoning module TargetPlatform (25)
[2016.09.07-00.55.37:793][512]LogModuleManager: Shutting down and abandoning module InputCore (24)
[2016.09.07-00.55.37:793][512]LogModuleManager: Shutting down and abandoning module Settings (23)
[2016.09.07-00.55.37:793][512]LogModuleManager: Shutting down and abandoning module OculusRift (22)
[2016.09.07-00.55.37:929][512]LogModuleManager: Shutting down and abandoning module GearVR (21)
[2016.09.07-00.55.37:929][512]LogModuleManager: Shutting down and abandoning module ExampleDeviceProfileSelector (20)
[2016.09.07-00.55.37:929][512]LogModuleManager: Shutting down and abandoning module OnlineBlueprintSupport (19)
[2016.09.07-00.55.37:929][512]LogModuleManager: Shutting down and abandoning module OnlineSubsystem (17)
[2016.09.07-00.55.38:002][512]LogOnline:Display: Unloading online subsystem: NULL
[2016.09.07-00.55.38:173][512]LogModuleManager: Shutting down and abandoning module HTTP (16)
[2016.09.07-00.55.38:173][512]LogHttp:Display: Http module shutting down, but needs to wait on 1 outstanding Http requests:
[2016.09.07-00.55.38:173][512]LogHttp:Display: 	verb=[POST] url=[https://datarouter.ol.epicgames.com/datarouter/api/v1/public/data?SessionID=%7BB7395D0B-464A-014B-BFB3-08B6C0EB931C%7D&AppID=UEEditor.Rocket.Release&AppVersion=%2B%2BUE4%2BRelease-4.13-CL-3106830&UserID=99bfbfdc402b563b9f40b6929922ad07%7C999697bcd98e4c0ca9ed2df08a80d172%7C7f6a96af-52cf-491f-b4e5-292574e8dff9&AppEnvironment=datacollector-binary&UploadType=eteventstream] status=Processing
[2016.09.07-00.55.38:188][512]LogModuleManager: Shutting down and abandoning module XMPP (15)
[2016.09.07-00.55.38:242][512]LogModuleManager: Shutting down and abandoning module TextureCompressor (14)
[2016.09.07-00.55.38:277][512]LogModuleManager: Shutting down and abandoning module ShaderCore (13)
[2016.09.07-00.55.38:277][512]LogModuleManager: Shutting down and abandoning module Landscape (12)
[2016.09.07-00.55.38:277][512]LogModuleManager: Shutting down and abandoning module SlateRHIRenderer (11)
[2016.09.07-00.55.38:372][512]LogModuleManager: Shutting down and abandoning module OpenGLDrv (10)
[2016.09.07-00.55.38:384][512]LogModuleManager: Shutting down and abandoning module D3D11RHI (9)
[2016.09.07-00.55.38:384][512]LogModuleManager: Shutting down and abandoning module AnimGraphRuntime (8)
[2016.09.07-00.55.38:384][512]LogModuleManager: Shutting down and abandoning module Renderer (7)
[2016.09.07-00.55.38:384][512]LogModuleManager: Shutting down and abandoning module Engine (6)
[2016.09.07-00.55.38:384][512]LogModuleManager: Shutting down and abandoning module CoreUObject (5)
[2016.09.07-00.55.38:384][512]LogModuleManager: Shutting down and abandoning module NetworkFile (4)
[2016.09.07-00.55.38:407][512]LogModuleManager: Shutting down and abandoning module StreamingFile (3)
[2016.09.07-00.55.38:425][512]LogModuleManager: Shutting down and abandoning module SandboxFile (2)
[2016.09.07-00.55.38:435][512]LogModuleManager: Shutting down and abandoning module PakFile (1)
[2016.09.07-00.55.38:623][512]LogExit: Exiting.
[2016.09.07-00.55.38:639][512]Log file closed, 09/06/16 19:55:38
